<?xml version="1.0" encoding="UTF-8"?>
<testsuite name="org.example.dnaconverter.parser.VcfParserImplTest" tests="2" skipped="0" failures="0" errors="0" timestamp="2026-03-18T12:36:15.821Z" hostname="MacBook-Air-Valeria.local" time="0.004">
  <properties/>
  <testcase name="testParseEmptyFile()" classname="org.example.dnaconverter.parser.VcfParserImplTest" time="0.002"/>
  <testcase name="testParseValidVcf()" classname="org.example.dnaconverter.parser.VcfParserImplTest" time="0.0"/>
  <system-out><![CDATA[]]></system-out>
  <system-err><![CDATA[]]></system-err>
</testsuite>
